running egg_info
creating build/mini_project/mini_project.egg-info
writing build/mini_project/mini_project.egg-info/PKG-INFO
writing dependency_links to build/mini_project/mini_project.egg-info/dependency_links.txt
writing entry points to build/mini_project/mini_project.egg-info/entry_points.txt
writing requirements to build/mini_project/mini_project.egg-info/requires.txt
writing top-level names to build/mini_project/mini_project.egg-info/top_level.txt
writing manifest file 'build/mini_project/mini_project.egg-info/SOURCES.txt'
reading manifest file 'build/mini_project/mini_project.egg-info/SOURCES.txt'
writing manifest file 'build/mini_project/mini_project.egg-info/SOURCES.txt'
running build
running build_py
creating /home/iman/ros2_ws/src/mini_project/build/mini_project/build
creating /home/iman/ros2_ws/src/mini_project/build/mini_project/build/lib
creating /home/iman/ros2_ws/src/mini_project/build/mini_project/build/lib/mini_project
copying mini_project/potential_field_navigation.py -> /home/iman/ros2_ws/src/mini_project/build/mini_project/build/lib/mini_project
copying mini_project/__init__.py -> /home/iman/ros2_ws/src/mini_project/build/mini_project/build/lib/mini_project
running install
/usr/lib/python3/dist-packages/setuptools/command/install.py:34: SetuptoolsDeprecationWarning: setup.py install is deprecated. Use build and pip and other standards-based tools.
  warnings.warn(
running install_lib
creating /home/iman/ros2_ws/src/mini_project/install/mini_project/lib/python3.10/site-packages/mini_project
copying /home/iman/ros2_ws/src/mini_project/build/mini_project/build/lib/mini_project/potential_field_navigation.py -> /home/iman/ros2_ws/src/mini_project/install/mini_project/lib/python3.10/site-packages/mini_project
copying /home/iman/ros2_ws/src/mini_project/build/mini_project/build/lib/mini_project/__init__.py -> /home/iman/ros2_ws/src/mini_project/install/mini_project/lib/python3.10/site-packages/mini_project
byte-compiling /home/iman/ros2_ws/src/mini_project/install/mini_project/lib/python3.10/site-packages/mini_project/potential_field_navigation.py to potential_field_navigation.cpython-310.pyc
byte-compiling /home/iman/ros2_ws/src/mini_project/install/mini_project/lib/python3.10/site-packages/mini_project/__init__.py to __init__.cpython-310.pyc
running install_data
creating /home/iman/ros2_ws/src/mini_project/install/mini_project/share
creating /home/iman/ros2_ws/src/mini_project/install/mini_project/share/ament_index
creating /home/iman/ros2_ws/src/mini_project/install/mini_project/share/ament_index/resource_index
creating /home/iman/ros2_ws/src/mini_project/install/mini_project/share/ament_index/resource_index/packages
copying resource/mini_project -> /home/iman/ros2_ws/src/mini_project/install/mini_project/share/ament_index/resource_index/packages
creating /home/iman/ros2_ws/src/mini_project/install/mini_project/share/mini_project
error: can't copy 'package.xml': doesn't exist or not a regular file
