[0.915s] [34mcolcon[0m [1;30mDEBUG[0m [32mCommand line arguments: ['/usr/bin/colcon', 'build'][0m
[0.916s] [34mcolcon[0m [1;30mDEBUG[0m [32mParsed command line arguments: Namespace(log_base=None, log_level=None, verb_name='build', build_base='build', install_base='install', merge_install=False, symlink_install=False, test_result_base=None, continue_on_error=False, executor='parallel', parallel_workers=16, event_handlers=None, ignore_user_meta=False, metas=['./colcon.meta'], base_paths=['.'], packages_ignore=None, packages_ignore_regex=None, paths=None, packages_up_to=None, packages_up_to_regex=None, packages_above=None, packages_above_and_dependencies=None, packages_above_depth=None, packages_select_by_dep=None, packages_skip_by_dep=None, packages_skip_up_to=None, packages_select_build_failed=False, packages_skip_build_finished=False, packages_select_test_failures=False, packages_skip_test_passed=False, packages_select=None, packages_skip=None, packages_select_regex=None, packages_skip_regex=None, packages_start=None, packages_end=None, allow_overriding=[], cmake_args=None, cmake_target=None, cmake_target_skip_unavailable=False, cmake_clean_cache=False, cmake_clean_first=False, cmake_force_configure=False, ament_cmake_args=None, catkin_cmake_args=None, catkin_skip_building_tests=False, verb_parser=<colcon_defaults.argument_parser.defaults.DefaultArgumentsDecorator object at 0x7fec01fa33d0>, verb_extension=<colcon_core.verb.build.BuildVerb object at 0x7fec02920550>, main=<bound method BuildVerb.main of <colcon_core.verb.build.BuildVerb object at 0x7fec02920550>>)[0m
[0.985s] [34mcolcon.colcon_core.package_discovery[0m [1;30mLevel 1[0m discover_packages(colcon_meta) check parameters
[0.985s] [34mcolcon.colcon_core.package_discovery[0m [1;30mLevel 1[0m discover_packages(recursive) check parameters
[0.985s] [34mcolcon.colcon_core.package_discovery[0m [1;30mLevel 1[0m discover_packages(ignore) check parameters
[0.985s] [34mcolcon.colcon_core.package_discovery[0m [1;30mLevel 1[0m discover_packages(path) check parameters
[0.986s] [34mcolcon.colcon_core.package_discovery[0m [1;30mLevel 1[0m discover_packages(colcon_meta) discover
[0.986s] [34mcolcon.colcon_core.package_discovery[0m [1;30mLevel 1[0m discover_packages(recursive) discover
[0.986s] [34mcolcon.colcon_core.package_discovery[0m [1;30mINFO[0m Crawling recursively for packages in '/home/iman/ros2_ws/src/mini_project'
[0.986s] [34mcolcon.colcon_core.package_identification[0m [1;30mLevel 1[0m _identify(.) by extensions ['ignore', 'ignore_ament_install']
[0.987s] [34mcolcon.colcon_core.package_identification[0m [1;30mLevel 1[0m _identify(.) by extension 'ignore'
[0.987s] [34mcolcon.colcon_core.package_identification[0m [1;30mLevel 1[0m _identify(.) by extension 'ignore_ament_install'
[0.987s] [34mcolcon.colcon_core.package_identification[0m [1;30mLevel 1[0m _identify(.) by extensions ['colcon_pkg']
[0.987s] [34mcolcon.colcon_core.package_identification[0m [1;30mLevel 1[0m _identify(.) by extension 'colcon_pkg'
[0.987s] [34mcolcon.colcon_core.package_identification[0m [1;30mLevel 1[0m _identify(.) by extensions ['colcon_meta']
[0.987s] [34mcolcon.colcon_core.package_identification[0m [1;30mLevel 1[0m _identify(.) by extension 'colcon_meta'
[0.987s] [34mcolcon.colcon_core.package_identification[0m [1;30mLevel 1[0m _identify(.) by extensions ['ros']
[0.988s] [34mcolcon.colcon_core.package_identification[0m [1;30mLevel 1[0m _identify(.) by extension 'ros'
[1.047s] [34mcolcon.colcon_core.package_identification[0m [1;30mDEBUG[0m [32mPackage '.' with type 'ros.ament_python' and name 'mini_project'[0m
[1.047s] [34mcolcon.colcon_core.package_discovery[0m [1;30mLevel 1[0m discover_packages(recursive) using defaults
[1.048s] [34mcolcon.colcon_core.package_discovery[0m [1;30mLevel 1[0m discover_packages(ignore) discover
[1.048s] [34mcolcon.colcon_core.package_discovery[0m [1;30mLevel 1[0m discover_packages(ignore) using defaults
[1.048s] [34mcolcon.colcon_core.package_discovery[0m [1;30mLevel 1[0m discover_packages(path) discover
[1.048s] [34mcolcon.colcon_core.package_discovery[0m [1;30mLevel 1[0m discover_packages(path) using defaults
[1.107s] [34mcolcon.colcon_core.package_discovery[0m [1;30mLevel 1[0m discover_packages(prefix_path) check parameters
[1.107s] [34mcolcon.colcon_core.package_discovery[0m [1;30mLevel 1[0m discover_packages(prefix_path) discover
[1.111s] [34mcolcon.colcon_core.package_discovery[0m [1;30mLevel 1[0m discover_packages(prefix_path) using defaults
[1.117s] [34mcolcon.colcon_core.verb[0m [1;30mLevel 5[0m set package 'mini_project' build argument 'cmake_args' from command line to 'None'
[1.117s] [34mcolcon.colcon_core.verb[0m [1;30mLevel 5[0m set package 'mini_project' build argument 'cmake_target' from command line to 'None'
[1.117s] [34mcolcon.colcon_core.verb[0m [1;30mLevel 5[0m set package 'mini_project' build argument 'cmake_target_skip_unavailable' from command line to 'False'
[1.117s] [34mcolcon.colcon_core.verb[0m [1;30mLevel 5[0m set package 'mini_project' build argument 'cmake_clean_cache' from command line to 'False'
[1.117s] [34mcolcon.colcon_core.verb[0m [1;30mLevel 5[0m set package 'mini_project' build argument 'cmake_clean_first' from command line to 'False'
[1.117s] [34mcolcon.colcon_core.verb[0m [1;30mLevel 5[0m set package 'mini_project' build argument 'cmake_force_configure' from command line to 'False'
[1.117s] [34mcolcon.colcon_core.verb[0m [1;30mLevel 5[0m set package 'mini_project' build argument 'ament_cmake_args' from command line to 'None'
[1.117s] [34mcolcon.colcon_core.verb[0m [1;30mLevel 5[0m set package 'mini_project' build argument 'catkin_cmake_args' from command line to 'None'
[1.117s] [34mcolcon.colcon_core.verb[0m [1;30mLevel 5[0m set package 'mini_project' build argument 'catkin_skip_building_tests' from command line to 'False'
[1.118s] [34mcolcon.colcon_core.verb[0m [1;30mDEBUG[0m [32mBuilding package 'mini_project' with the following arguments: {'ament_cmake_args': None, 'build_base': '/home/iman/ros2_ws/src/mini_project/build/mini_project', 'catkin_cmake_args': None, 'catkin_skip_building_tests': False, 'cmake_args': None, 'cmake_clean_cache': False, 'cmake_clean_first': False, 'cmake_force_configure': False, 'cmake_target': None, 'cmake_target_skip_unavailable': False, 'install_base': '/home/iman/ros2_ws/src/mini_project/install/mini_project', 'merge_install': False, 'path': '/home/iman/ros2_ws/src/mini_project', 'symlink_install': False, 'test_result_base': None}[0m
[1.119s] [34mcolcon.colcon_core.executor[0m [1;30mINFO[0m Executing jobs using 'parallel' executor
[1.131s] [34mcolcon.colcon_parallel_executor.executor.parallel[0m [1;30mDEBUG[0m [32mrun_until_complete[0m
[1.132s] [34mcolcon.colcon_ros.task.ament_python.build[0m [1;30mINFO[0m Building ROS package in '/home/iman/ros2_ws/src/mini_project' with build type 'ament_python'
[1.132s] [34mcolcon.colcon_core.shell[0m [1;30mLevel 1[0m create_environment_hook('mini_project', 'ament_prefix_path')
[1.145s] [34mcolcon.colcon_core.plugin_system[0m [1;30mINFO[0m Skipping extension 'colcon_core.shell.bat': Not used on non-Windows systems
[1.145s] [34mcolcon.colcon_core.shell[0m [1;30mINFO[0m Creating environment hook '/home/iman/ros2_ws/src/mini_project/install/mini_project/share/mini_project/hook/ament_prefix_path.ps1'
[1.147s] [34mcolcon.colcon_core.shell[0m [1;30mINFO[0m Creating environment descriptor '/home/iman/ros2_ws/src/mini_project/install/mini_project/share/mini_project/hook/ament_prefix_path.dsv'
[1.148s] [34mcolcon.colcon_core.shell[0m [1;30mINFO[0m Creating environment hook '/home/iman/ros2_ws/src/mini_project/install/mini_project/share/mini_project/hook/ament_prefix_path.sh'
[1.153s] [34mcolcon.colcon_core.shell[0m [1;30mINFO[0m Skip shell extension 'powershell' for command environment: Not usable outside of PowerShell
[1.154s] [34mcolcon.colcon_core.shell[0m [1;30mDEBUG[0m [32mSkip shell extension 'dsv' for command environment[0m
[1.888s] [34mcolcon.colcon_core.task.python.build[0m [1;30mINFO[0m Building Python package in '/home/iman/ros2_ws/src/mini_project'
[1.892s] [34mcolcon.colcon_core.shell[0m [1;30mINFO[0m Skip shell extension 'powershell' for command environment: Not usable outside of PowerShell
[1.892s] [34mcolcon.colcon_core.shell[0m [1;30mDEBUG[0m [32mSkip shell extension 'dsv' for command environment[0m
[3.061s] [34mcolcon.colcon_core.event_handler.log_command[0m [1;30mDEBUG[0m [32mInvoking command in '/home/iman/ros2_ws/src/mini_project': PYTHONPATH=/home/iman/ros2_ws/src/mini_project/install/mini_project/lib/python3.10/site-packages: /usr/bin/python3 setup.py egg_info --egg-base build/mini_project build --build-base /home/iman/ros2_ws/src/mini_project/build/mini_project/build install --prefix /home/iman/ros2_ws/src/mini_project/install/mini_project --record /home/iman/ros2_ws/src/mini_project/build/mini_project/install.log --single-version-externally-managed[0m
[3.935s] [34mcolcon.colcon_core.event_handler.log_command[0m [1;30mDEBUG[0m [32mInvoked command in '/home/iman/ros2_ws/src/mini_project' returned '0': PYTHONPATH=/home/iman/ros2_ws/src/mini_project/install/mini_project/lib/python3.10/site-packages: /usr/bin/python3 setup.py egg_info --egg-base build/mini_project build --build-base /home/iman/ros2_ws/src/mini_project/build/mini_project/build install --prefix /home/iman/ros2_ws/src/mini_project/install/mini_project --record /home/iman/ros2_ws/src/mini_project/build/mini_project/install.log --single-version-externally-managed[0m
[3.950s] [34mcolcon.colcon_core.environment[0m [1;30mLevel 1[0m checking '/home/iman/ros2_ws/src/mini_project/install/mini_project' for CMake module files
[3.951s] [34mcolcon.colcon_core.environment[0m [1;30mLevel 1[0m checking '/home/iman/ros2_ws/src/mini_project/install/mini_project' for CMake config files
[3.953s] [34mcolcon.colcon_core.environment[0m [1;30mLevel 1[0m checking '/home/iman/ros2_ws/src/mini_project/install/mini_project/lib'
[3.954s] [34mcolcon.colcon_core.environment[0m [1;30mLevel 1[0m checking '/home/iman/ros2_ws/src/mini_project/install/mini_project/bin'
[3.954s] [34mcolcon.colcon_core.environment[0m [1;30mLevel 1[0m checking '/home/iman/ros2_ws/src/mini_project/install/mini_project/lib/pkgconfig/mini_project.pc'
[3.955s] [34mcolcon.colcon_core.environment[0m [1;30mLevel 1[0m checking '/home/iman/ros2_ws/src/mini_project/install/mini_project/lib/python3.10/site-packages'
[3.955s] [34mcolcon.colcon_core.shell[0m [1;30mLevel 1[0m create_environment_hook('mini_project', 'pythonpath')
[3.959s] [34mcolcon.colcon_core.shell[0m [1;30mINFO[0m Creating environment hook '/home/iman/ros2_ws/src/mini_project/install/mini_project/share/mini_project/hook/pythonpath.ps1'
[3.961s] [34mcolcon.colcon_core.shell[0m [1;30mINFO[0m Creating environment descriptor '/home/iman/ros2_ws/src/mini_project/install/mini_project/share/mini_project/hook/pythonpath.dsv'
[3.961s] [34mcolcon.colcon_core.shell[0m [1;30mINFO[0m Creating environment hook '/home/iman/ros2_ws/src/mini_project/install/mini_project/share/mini_project/hook/pythonpath.sh'
[3.963s] [34mcolcon.colcon_core.environment[0m [1;30mLevel 1[0m checking '/home/iman/ros2_ws/src/mini_project/install/mini_project/bin'
[3.963s] [34mcolcon.colcon_core.environment[0m [1;30mLevel 1[0m create_environment_scripts_only(mini_project)
[3.968s] [34mcolcon.colcon_core.shell[0m [1;30mINFO[0m Creating package script '/home/iman/ros2_ws/src/mini_project/install/mini_project/share/mini_project/package.ps1'
[3.970s] [34mcolcon.colcon_core.shell[0m [1;30mINFO[0m Creating package descriptor '/home/iman/ros2_ws/src/mini_project/install/mini_project/share/mini_project/package.dsv'
[3.972s] [34mcolcon.colcon_core.shell[0m [1;30mINFO[0m Creating package script '/home/iman/ros2_ws/src/mini_project/install/mini_project/share/mini_project/package.sh'
[3.975s] [34mcolcon.colcon_core.shell[0m [1;30mINFO[0m Creating package script '/home/iman/ros2_ws/src/mini_project/install/mini_project/share/mini_project/package.bash'
[3.977s] [34mcolcon.colcon_core.shell[0m [1;30mINFO[0m Creating package script '/home/iman/ros2_ws/src/mini_project/install/mini_project/share/mini_project/package.zsh'
[3.979s] [34mcolcon.colcon_core.environment[0m [1;30mLevel 1[0m create_file_with_runtime_dependencies(/home/iman/ros2_ws/src/mini_project/install/mini_project/share/colcon-core/packages/mini_project)
[3.980s] [34mcolcon.colcon_parallel_executor.executor.parallel[0m [1;30mDEBUG[0m [32mclosing loop[0m
[3.981s] [34mcolcon.colcon_parallel_executor.executor.parallel[0m [1;30mDEBUG[0m [32mloop closed[0m
[3.981s] [34mcolcon.colcon_parallel_executor.executor.parallel[0m [1;30mDEBUG[0m [32mrun_until_complete finished with '0'[0m
[3.981s] [34mcolcon.colcon_core.event_reactor[0m [1;30mDEBUG[0m [32mjoining thread[0m
[4.001s] [34mcolcon.colcon_core.plugin_system[0m [1;30mINFO[0m Skipping extension 'colcon_notification.desktop_notification.terminal_notifier': Not used on non-Darwin systems
[4.001s] [34mcolcon.colcon_core.plugin_system[0m [1;30mINFO[0m Skipping extension 'colcon_notification.desktop_notification.win32': Not used on non-Windows systems
[4.002s] [34mcolcon.colcon_notification.desktop_notification[0m [1;30mINFO[0m Sending desktop notification using 'notify2'
[4.039s] [34mcolcon.colcon_core.event_reactor[0m [1;30mDEBUG[0m [32mjoined thread[0m
[4.044s] [34mcolcon.colcon_core.shell[0m [1;30mINFO[0m Creating prefix script '/home/iman/ros2_ws/src/mini_project/install/local_setup.ps1'
[4.047s] [34mcolcon.colcon_core.shell[0m [1;30mINFO[0m Creating prefix util module '/home/iman/ros2_ws/src/mini_project/install/_local_setup_util_ps1.py'
[4.051s] [34mcolcon.colcon_core.shell[0m [1;30mINFO[0m Creating prefix chain script '/home/iman/ros2_ws/src/mini_project/install/setup.ps1'
[4.055s] [34mcolcon.colcon_core.shell[0m [1;30mINFO[0m Creating prefix script '/home/iman/ros2_ws/src/mini_project/install/local_setup.sh'
[4.057s] [34mcolcon.colcon_core.shell[0m [1;30mINFO[0m Creating prefix util module '/home/iman/ros2_ws/src/mini_project/install/_local_setup_util_sh.py'
[4.059s] [34mcolcon.colcon_core.shell[0m [1;30mINFO[0m Creating prefix chain script '/home/iman/ros2_ws/src/mini_project/install/setup.sh'
[4.062s] [34mcolcon.colcon_core.shell[0m [1;30mINFO[0m Creating prefix script '/home/iman/ros2_ws/src/mini_project/install/local_setup.bash'
[4.064s] [34mcolcon.colcon_core.shell[0m [1;30mINFO[0m Creating prefix chain script '/home/iman/ros2_ws/src/mini_project/install/setup.bash'
[4.068s] [34mcolcon.colcon_core.shell[0m [1;30mINFO[0m Creating prefix script '/home/iman/ros2_ws/src/mini_project/install/local_setup.zsh'
[4.069s] [34mcolcon.colcon_core.shell[0m [1;30mINFO[0m Creating prefix chain script '/home/iman/ros2_ws/src/mini_project/install/setup.zsh'
